0 info it worked if it ends with ok
1 verbose cli [ 'C:\\Program Files\\nodejs\\node.exe',
1 verbose cli   'C:\\Users\\Administrator\\AppData\\Roaming\\npm\\node_modules\\npm\\bin\\npm-cli.js',
1 verbose cli   'start' ]
2 info using npm@3.10.9
3 info using node@v4.4.7
4 verbose run-script [ 'prestart', 'start', 'poststart' ]
5 info lifecycle sound-redux@1.0.0~prestart: sound-redux@1.0.0
6 silly lifecycle sound-redux@1.0.0~prestart: no script for prestart, continuing
7 info lifecycle sound-redux@1.0.0~start: sound-redux@1.0.0
8 verbose lifecycle sound-redux@1.0.0~start: unsafe-perm in lifecycle true
9 verbose lifecycle sound-redux@1.0.0~start: PATH: C:\Users\Administrator\AppData\Roaming\npm\node_modules\npm\bin\node-gyp-bin;F:\my-project\CRM\node_modules\.bin;C:\Python27\;C:\Python27\Scripts;C:\Ruby193\bin;C:\Windows\system32;C:\Windows;C:\Windows\System32\Wbem;C:\Windows\System32\WindowsPowerShell\v1.0\;C:\Program Files (x86)\Windows Kits\8.1\Windows Performance Toolkit\;C:\Program Files\Microsoft SQL Server\110\Tools\Binn\;C:\Program Files (x86)\Microsoft SDKs\TypeScript\1.0\;C:\Program Files\Microsoft SQL Server\120\Tools\Binn\;D:\jdk1.8.0_25\bin;C:\Program Files\nodejs\;D:/workspace/phantomjs/bin;C:\ProgramData\chocolatey\bin;D:\adt-bundle-windows-x86_64-20140702\sdk\tools;D:\adt-bundle-windows-x86_64-20140702\sdk\platform-tools;C:\Program Files (x86)\MySQL\MySQL Server 5.5\bin;C:\Users\Administrator\AppData\Roaming\npm;C:\Users\Administrator\AppData\Local\atom\bin;D:\less.js;;D:\程序安装\vscode\Microsoft VS Code\bin;D:\MongoDB\bin;
10 verbose lifecycle sound-redux@1.0.0~start: CWD: F:\my-project\CRM
11 silly lifecycle sound-redux@1.0.0~start: Args: [ '/d /s /c',
11 silly lifecycle   'webpack-dev-server --progress --colors --hot --content-base ./server/public --config ./webpack.config.js' ]
12 silly lifecycle sound-redux@1.0.0~start: Returned: code: 3221225786  signal: null
13 info lifecycle sound-redux@1.0.0~start: Failed to exec start script
14 verbose stack Error: sound-redux@1.0.0 start: `webpack-dev-server --progress --colors --hot --content-base ./server/public --config ./webpack.config.js`
14 verbose stack Exit status 3221225786
14 verbose stack     at EventEmitter.<anonymous> (C:\Users\Administrator\AppData\Roaming\npm\node_modules\npm\lib\utils\lifecycle.js:255:16)
14 verbose stack     at emitTwo (events.js:87:13)
14 verbose stack     at EventEmitter.emit (events.js:172:7)
14 verbose stack     at ChildProcess.<anonymous> (C:\Users\Administrator\AppData\Roaming\npm\node_modules\npm\lib\utils\spawn.js:40:14)
14 verbose stack     at emitTwo (events.js:87:13)
14 verbose stack     at ChildProcess.emit (events.js:172:7)
14 verbose stack     at maybeClose (internal/child_process.js:827:16)
14 verbose stack     at Process.ChildProcess._handle.onexit (internal/child_process.js:211:5)
15 verbose pkgid sound-redux@1.0.0
16 verbose cwd F:\my-project\CRM
17 error Windows_NT 6.1.7601
18 error argv "C:\\Program Files\\nodejs\\node.exe" "C:\\Users\\Administrator\\AppData\\Roaming\\npm\\node_modules\\npm\\bin\\npm-cli.js" "start"
19 error node v4.4.7
20 error npm  v3.10.9
21 error code ELIFECYCLE
22 error sound-redux@1.0.0 start: `webpack-dev-server --progress --colors --hot --content-base ./server/public --config ./webpack.config.js`
22 error Exit status 3221225786
23 error Failed at the sound-redux@1.0.0 start script 'webpack-dev-server --progress --colors --hot --content-base ./server/public --config ./webpack.config.js'.
23 error Make sure you have the latest version of node.js and npm installed.
23 error If you do, this is most likely a problem with the sound-redux package,
23 error not with npm itself.
23 error Tell the author that this fails on your system:
23 error     webpack-dev-server --progress --colors --hot --content-base ./server/public --config ./webpack.config.js
23 error You can get information on how to open an issue for this project with:
23 error     npm bugs sound-redux
23 error Or if that isn't available, you can get their info via:
23 error     npm owner ls sound-redux
23 error There is likely additional logging output above.
24 verbose exit [ 1, true ]
